[1523969987428] GET /
[1523970019937] GET /
[1523970038874] GET /
[1523970060532] GET /
[1523970064252] GET /
[1523970098884] GET /
[1523970115930] GET /
[1523970125231] GET /
[1523970145944] GET /
[1523970195468] GET /
[1523970195670] GET /css/main.css
[1523970195673] GET /img/avatar_is.jpg
[1523970195684] GET /img/v_s.jpg
[1523970195688] GET /img/v_s2.jpg
[1523970195692] GET /img/cover_1.jpg
[1523970285113] GET /
[1523970285387] GET /css/main.css
[1523970285388] GET /img/avatar_is.jpg
[1523970285404] GET /img/v_s.jpg
[1523970285412] GET /img/v_s2.jpg
[1523970285416] GET /img/cover_1.jpg
[1523970293739] GET /
[1523970293785] GET /css/main.css
[1523970293797] GET /img/avatar_is.jpg
[1523970293809] GET /img/v_s.jpg
[1523970293811] GET /img/v_s2.jpg
[1523970293825] GET /img/cover_1.jpg
[1523970296526] GET /
[1523970296631] GET /css/main.css
[1523970296632] GET /img/avatar_is.jpg
[1523970296648] GET /img/v_s.jpg
[1523970296653] GET /img/v_s2.jpg
[1523970296662] GET /img/cover_1.jpg
[1523970476788] GET /
[1523970476849] GET /css/main.css
[1523970476850] GET /img/avatar_is.jpg
[1523970476858] GET /img/v_s.jpg
[1523970476871] GET /img/v_s2.jpg
[1523970476885] GET /img/cover_1.jpg
[1523971454957] GET /
[1523971455197] GET /css/main.css
[1523971455198] GET /img/avatar_is.jpg
[1523971455224] GET /img/v_s.jpg
[1523971455229] GET /img/v_s2.jpg
[1523971455230] GET /img/cover_1.jpg
[1523971480913] GET /
[1523971481225] GET /css/main.css
[1523971481226] GET /img/avatar_is.jpg
[1523971481239] GET /img/v_s.jpg
[1523971481248] GET /img/v_s2.jpg
[1523971481251] GET /img/cover_1.jpg
[1523971491966] GET /css/main.css
[1523971492245] GET /css/main.app.8805f88891008fe3153a.css.map
[1523971543846] GET /
[1523971543936] GET /css/main.css
[1523971543936] GET /img/avatar_is.jpg
[1523971543975] GET /img/v_s.jpg
[1523971572587] GET /
[1523971572849] GET /css/main.css
[1523971572851] GET /img/avatar_is.jpg
[1523971572851] GET /img/v_s.jpg
[1523971593410] GET /
[1523971593459] GET /css/main.css
[1523971593461] GET /img/avatar_is.jpg
[1523971593463] GET /img/v_s.jpg
[1523972295828] GET /
[1523972296030] GET /css/main.css
[1523972296031] GET /img/avatar_is.jpg
[1523972296045] GET /img/v_s.jpg
[1523972345524] GET /
[1523972345781] GET /css/main.css
[1523972345782] GET /img/avatar_is.jpg
[1523972345783] GET /img/v_s.jpg
[1523972464131] GET /
[1523972464185] GET /css/main.css
[1523972464186] GET /img/avatar_is.jpg
[1523972464189] GET /img/v_s.jpg
[1523972473434] GET /
[1523972473525] GET /css/main.css
[1523972473527] GET /img/avatar_is.jpg
[1523972473548] GET /img/v_s.jpg
[1523972473774] GET /favicon.ico
[1523972477555] GET /
[1523972477633] GET /css/main.css
[1523972477634] GET /img/avatar_is.jpg
[1523972477645] GET /img/v_s.jpg
[1523972482632] GET /
[1523972482708] GET /css/main.css
[1523972482712] GET /img/avatar_is.jpg
[1523972482728] GET /img/v_s.jpg
[1523972482966] GET /favicon.ico
[1523972486113] GET /
[1523972486179] GET /css/main.css
[1523972486180] GET /img/avatar_is.jpg
[1523972486197] GET /img/v_s.jpg
[1523972486426] GET /favicon.ico
[1523972488215] GET /
[1523972488264] GET /img/avatar_is.jpg
[1523972488264] GET /css/main.css
[1523972488273] GET /img/v_s.jpg
[1523972488467] GET /favicon.ico
[1523972499985] GET /css/main.css
[1523972500157] GET /css/main.app.8805f88891008fe3153a.css.map
[1523972569373] GET /
[1523972569434] GET /css/main.css
[1523972569439] GET /img/avatar_is.jpg
[1523972569457] GET /img/v_s.jpg
[1523972569786] GET /css/main.app.8805f88891008fe3153a.css.map
[1523972573762] GET /
[1523972573810] GET /css/main.css
[1523972573819] GET /img/avatar_is.jpg
[1523972573833] GET /img/v_s.jpg
[1523972574168] GET /css/main.app.8805f88891008fe3153a.css.map
[1523972577768] GET /
[1523972577831] GET /css/main.css
[1523972577833] GET /img/avatar_is.jpg
[1523972577845] GET /img/v_s.jpg
[1523972578140] GET /css/main.app.8805f88891008fe3153a.css.map
[1523972581237] GET /
[1523972581305] GET /css/main.css
[1523972581305] GET /img/avatar_is.jpg
[1523972581321] GET /img/v_s.jpg
[1523972581537] GET /css/main.app.8805f88891008fe3153a.css.map
[1523972587700] GET /
[1523972587767] GET /css/main.css
[1523972587775] GET /img/avatar_is.jpg
[1523972587796] GET /img/v_s.jpg
[1523972588109] GET /css/main.app.8805f88891008fe3153a.css.map
[1523972592836] GET /
[1523972592897] GET /css/main.css
[1523972592904] GET /img/avatar_is.jpg
[1523972592933] GET /img/v_s.jpg
[1523972593192] GET /css/main.app.8805f88891008fe3153a.css.map
[1523972596171] GET /
[1523972596243] GET /css/main.css
[1523972596249] GET /img/avatar_is.jpg
[1523972596264] GET /img/v_s.jpg
[1523972596714] GET /css/main.app.8805f88891008fe3153a.css.map
[1523972622900] GET /
[1523972622969] GET /css/main.css
[1523972622971] GET /img/avatar_is.jpg
[1523972622998] GET /img/v_s.jpg
[1523972623311] GET /css/main.app.8805f88891008fe3153a.css.map
[1523972631994] GET /
[1523972632088] GET /css/main.css
[1523972632089] GET /img/avatar_is.jpg
[1523972632104] GET /img/v_s.jpg
[1523972632415] GET /css/main.app.8805f88891008fe3153a.css.map
[1523972742580] GET /
[1523972742646] GET /css/main.css
[1523972742648] GET /img/v_s.jpg
[1523972742875] GET /css/main.app.8805f88891008fe3153a.css.map
[1523972748598] GET /detail/46456456
[1523972748645] GET /css/main.css
[1523972748646] GET /img/avatar_is.jpg
[1523972748691] GET /img/v_xs.jpg
[1523972748703] GET /img/img1.jpg
[1523972748704] GET /img/xs2.jpg
[1523972748852] GET /css/main.app.8805f88891008fe3153a.css.map
[1523972751333] GET /
[1523972751393] GET /css/main.css
[1523972751395] GET /img/v_s.jpg
[1523972751592] GET /css/main.app.8805f88891008fe3153a.css.map
[1523972773805] GET /
[1523972788831] GET /
[1523972789058] GET /css/main.css
[1523972789060] GET /img/avatar_is.jpg
[1523972789082] GET /img/v_s.jpg
[1523972789324] GET /css/main.app.8805f88891008fe3153a.css.map
[1523972799145] GET /
[1523972799216] GET /css/main.css
[1523972799233] GET /img/avatar_is.jpg
[1523972799283] GET /img/v_s.jpg
[1523972799530] GET /css/main.app.8805f88891008fe3153a.css.map
[1523972803163] GET /detail/46456456
[1523972803209] GET /css/main.css
[1523972803214] GET /detail/img/avatar_is.jpg
[1523972803215] GET /img/avatar_is.jpg
[1523972803718] GET /img/v_xs.jpg
[1523972803728] GET /img/xs2.jpg
[1523972803727] GET /img/img1.jpg
[1523972803885] GET /css/main.app.8805f88891008fe3153a.css.map
[1523972805527] GET /
[1523972805576] GET /css/main.css
[1523972805581] GET /img/avatar_is.jpg
[1523972805607] GET /img/v_s.jpg
[1523972805800] GET /css/main.app.8805f88891008fe3153a.css.map
[1523973013442] GET /
[1523973013508] GET /css/main.css
[1523973013510] GET /js/jquery.min.js
[1523973013529] GET /img/avatar_is.jpg
[1523973013578] GET /img/v_s.jpg
[1523973013767] GET /css/main.app.8805f88891008fe3153a.css.map
[1523973041309] GET /
[1523973041386] GET /css/main.css
[1523973041387] GET /js/jquery.min.js
[1523973041425] GET /img/avatar_is.jpg
[1523973041443] GET /img/v_s.jpg
[1523973041628] GET /css/main.app.8805f88891008fe3153a.css.map
[1523973056300] GET /
[1523973056374] GET /css/main.css
[1523973056375] GET /js/jquery.min.js
[1523973056400] GET /img/avatar_is.jpg
[1523973056414] GET /img/v_s.jpg
[1523973056611] GET /css/main.app.8805f88891008fe3153a.css.map
[1523973088847] GET /
[1523973088939] GET /js/jquery.min.js
[1523973088939] GET /css/main.css
[1523973088967] GET /img/avatar_is.jpg
[1523973088985] GET /img/v_s.jpg
[1523973089152] GET /css/main.app.8805f88891008fe3153a.css.map
[1523973124977] GET /
[1523973125055] GET /js/jquery.min.js
[1523973125058] GET /img/avatar_is.jpg
[1523973125058] GET /img/v_s.jpg
[1523973125053] GET /css/main.css
[1523973125315] GET /css/main.app.8805f88891008fe3153a.css.map
[1523973129984] GET /
[1523973130071] GET /css/main.css
[1523973130071] GET /js/jquery.min.js
[1523973130094] GET /img/avatar_is.jpg
[1523973130106] GET /img/v_s.jpg
[1523973130367] GET /css/main.app.8805f88891008fe3153a.css.map
[1523973140994] GET /
[1523973141076] GET /css/main.css
[1523973141081] GET /js/jquery.min.js
[1523973141083] GET /img/avatar_is.jpg
[1523973141084] GET /img/v_s.jpg
[1523973141394] GET /css/main.app.8805f88891008fe3153a.css.map
[1523973145792] GET /
[1523973145874] GET /css/main.css
[1523973145874] GET /js/jquery.min.js
[1523973145903] GET /img/avatar_is.jpg
[1523973145928] GET /img/v_s.jpg
[1523973146179] GET /css/main.app.8805f88891008fe3153a.css.map
[1523973159691] GET /
[1523973159771] GET /css/main.css
[1523973159775] GET /js/jquery.min.js
[1523973159855] GET /img/avatar_is.jpg
[1523973159865] GET /img/v_s.jpg
[1523973160108] GET /css/main.app.8805f88891008fe3153a.css.map
[1523973180985] GET /
[1523973181057] GET /css/main.css
[1523973181074] GET /js/jquery.min.js
[1523973181113] GET /img/avatar_is.jpg
[1523973181127] GET /img/v_s.jpg
[1523973181396] GET /css/main.app.8805f88891008fe3153a.css.map
[1523973195360] GET /
[1523973195426] GET /css/main.css
[1523973195429] GET /js/jquery.min.js
[1523973195449] GET /img/avatar_is.jpg
[1523973195463] GET /img/v_s.jpg
[1523973195651] GET /css/main.app.8805f88891008fe3153a.css.map
[1523973208698] GET /
[1523973208753] GET /css/main.css
[1523973208754] GET /js/jquery.min.js
[1523973208779] GET /img/avatar_is.jpg
[1523973208793] GET /img/v_s.jpg
[1523973209047] GET /css/main.app.8805f88891008fe3153a.css.map
[1523973244278] GET /
[1523973244349] GET /css/main.css
[1523973244352] GET /img/avatar_is.jpg
[1523973244351] GET /js/jquery.min.js
[1523973244353] GET /img/v_s.jpg
[1523973244627] GET /css/main.app.8805f88891008fe3153a.css.map
[1523973248127] GET /
[1523973248204] GET /css/main.css
[1523973248204] GET /js/jquery.min.js
[1523973248207] GET /img/avatar_is.jpg
[1523973248208] GET /img/v_s.jpg
[1523973248495] GET /css/main.app.8805f88891008fe3153a.css.map
[1523973257109] GET /
[1523973257230] GET /css/main.css
[1523973257249] GET /js/jquery.min.js
[1523973257250] GET /img/avatar_is.jpg
[1523973257283] GET /img/v_s.jpg
[1523973257569] GET /css/main.app.8805f88891008fe3153a.css.map
[1523973261154] GET /
[1523973261224] GET /css/main.css
[1523973261230] GET /js/jquery.min.js
[1523973261256] GET /img/avatar_is.jpg
[1523973261266] GET /img/v_s.jpg
[1523973261532] GET /css/main.app.8805f88891008fe3153a.css.map
[1523973289989] GET /
[1523973290119] GET /css/main.css
[1523973290120] GET /js/jquery.min.js
[1523973290187] GET /img/avatar_is.jpg
[1523973290200] GET /img/v_s.jpg
[1523973290405] GET /css/main.app.8805f88891008fe3153a.css.map
[1523973311444] GET /
[1523973311511] GET /css/main.css
[1523973311517] GET /js/jquery.min.js
[1523973311548] GET /img/avatar_is.jpg
[1523973311558] GET /img/v_s.jpg
[1523973311796] GET /css/main.app.8805f88891008fe3153a.css.map
[1523973337624] GET /
[1523973337741] GET /css/main.css
[1523973337743] GET /js/jquery.min.js
[1523973337764] GET /img/avatar_is.jpg
[1523973337777] GET /img/v_s.jpg
[1523973338026] GET /css/main.app.8805f88891008fe3153a.css.map
[1523973355526] GET /
[1523973355605] GET /css/main.css
[1523973355607] GET /js/jquery.min.js
[1523973355630] GET /img/avatar_is.jpg
[1523973355641] GET /img/v_s.jpg
[1523973355907] GET /css/main.app.8805f88891008fe3153a.css.map
[1523973361925] GET /
[1523973361987] GET /css/main.css
[1523973361988] GET /js/jquery.min.js
[1523973362019] GET /img/avatar_is.jpg
[1523973362032] GET /img/v_s.jpg
[1523973362264] GET /css/main.app.8805f88891008fe3153a.css.map
[1523973376183] GET /
[1523973376248] GET /css/main.css
[1523973376249] GET /js/jquery.min.js
[1523973376278] GET /img/avatar_is.jpg
[1523973376298] GET /img/v_s.jpg
[1523973376518] GET /css/main.app.8805f88891008fe3153a.css.map
[1523973383756] GET /
[1523973383806] GET /css/main.css
[1523973383808] GET /js/jquery.min.js
[1523973383810] GET /img/avatar_is.jpg
[1523973383810] GET /img/v_s.jpg
[1523973384081] GET /css/main.app.8805f88891008fe3153a.css.map
[1523973394476] GET /
[1523973394549] GET /css/main.css
[1523973394549] GET /js/jquery.min.js
[1523973394572] GET /img/avatar_is.jpg
[1523973394583] GET /img/v_s.jpg
[1523973394822] GET /css/main.app.8805f88891008fe3153a.css.map
[1523973419687] GET /
[1523973419770] GET /js/jquery.min.js
[1523973419769] GET /css/main.css
[1523973419788] GET /img/avatar_is.jpg
[1523973419806] GET /img/v_s.jpg
[1523973420066] GET /css/main.app.8805f88891008fe3153a.css.map
[1523973428281] GET /
[1523973428334] GET /css/main.css
[1523973428335] GET /js/jquery.min.js
[1523973428335] GET /img/avatar_is.jpg
[1523973428336] GET /img/v_s.jpg
[1523973442616] GET /
[1523973442668] GET /css/main.css
[1523973442668] GET /js/jquery.min.js
[1523973442668] GET /img/v_s.jpg
[1523973442668] GET /img/avatar_is.jpg
[1523973471816] GET /
[1523973471902] GET /css/main.css
[1523973471902] GET /js/jquery.min.js
[1523973471914] GET /img/avatar_is.jpg
[1523973471919] GET /img/v_s.jpg
[1523973473786] GET /detail/119
[1523973474655] GET /css/main.css
[1523973474656] GET /js/jquery.min.js
[1523973474685] GET /detail/img/avatar_is.jpg
[1523973474692] GET /img/avatar_is.jpg
[1523973474720] GET /img/v_xs.jpg
[1523973474724] GET /img/img1.jpg
[1523973474730] GET /img/xs2.jpg
[1523973478558] GET /detail/120
[1523973479357] GET /css/main.css
[1523973479358] GET /js/jquery.min.js
[1523973479359] GET /detail/img/avatar_is.jpg
[1523973479361] GET /img/avatar_is.jpg
[1523973479368] GET /img/img1.jpg
[1523973479366] GET /img/v_xs.jpg
[1523973479396] GET /img/xs2.jpg
[1523973488777] GET /detail/120
[1523973489499] GET /css/main.css
[1523973489503] GET /js/jquery.min.js
[1523973489516] GET /detail/img/avatar_is.jpg
[1523973489521] GET /img/avatar_is.jpg
[1523973489525] GET /img/v_xs.jpg
[1523973489533] GET /img/img1.jpg
[1523973489540] GET /img/xs2.jpg
[1523973565028] GET /
[1523973565228] GET /css/main.css
[1523973565228] GET /js/jquery.min.js
[1523973565229] GET /img/avatar_is.jpg
[1523973565229] GET /img/v_s.jpg
[1523973568010] GET /detail/119
[1523973568882] GET /css/main.css
[1523973568883] GET /js/jquery.min.js
[1523973568907] GET /detail/img/avatar_is.jpg
[1523973568918] GET /img/avatar_is.jpg
[1523973568935] GET /img/v_xs.jpg
[1523973568950] GET /img/img1.jpg
[1523973568973] GET /img/xs2.jpg
[1523973684027] GET /detail/119
[1523973684290] GET /css/main.css
[1523973684293] GET /js/jquery.min.js
[1523973684308] GET /detail/img/avatar_is.jpg
[1523973684319] GET /img/avatar_is.jpg
[1523973684334] GET /img/v_xs.jpg
[1523973684374] GET /img/img1.jpg
[1523973684380] GET /img/xs2.jpg
[1523973763865] GET /detail/119
[1523973764119] GET /css/main.css
[1523973764122] GET /js/jquery.min.js
[1523973764135] GET /detail/img/avatar_is.jpg
[1523973764144] GET /img/avatar_is.jpg
[1523973764150] GET /img/v_xs.jpg
[1523973764157] GET /img/img1.jpg
[1523973764167] GET /img/xs2.jpg
[1523973886198] GET /detail/119
[1523973909396] GET /detail/119
[1523973941996] GET /detail/119
[1523973942226] GET /css/main.css
[1523973942229] GET /js/jquery.min.js
[1523973942242] GET /detail/img/avatar_is.jpg
[1523973942248] GET /img/avatar_is.jpg
[1523973942254] GET /img/v_xs.jpg
[1523973942261] GET /img/img1.jpg
[1523973942266] GET /img/xs2.jpg
[1523974002691] GET /detail/119
[1523974007547] GET /detail/119
[1523974007787] GET /css/main.css
[1523974007789] GET /js/jquery.min.js
[1523974007811] GET /detail/img/avatar_is.jpg
[1523974007822] GET /img/avatar_is.jpg
[1523974007850] GET /img/v_xs.jpg
[1523974007855] GET /img/img1.jpg
[1523974007867] GET /img/xs2.jpg
[1523974026735] GET /detail/119
[1523974026797] GET /css/main.css
[1523974026798] GET /js/jquery.min.js
[1523974026799] GET /detail/img/avatar_is.jpg
[1523974026803] GET /img/avatar_is.jpg
[1523974026803] GET /img/v_xs.jpg
[1523974026803] GET /img/img1.jpg
[1523974026825] GET /img/xs2.jpg
[1523974040526] GET /detail/119
[1523974040612] GET /js/jquery.min.js
[1523974040610] GET /css/main.css
[1523974040620] GET /detail/img/avatar_is.jpg
[1523974040631] GET /img/avatar_is.jpg
[1523974040642] GET /img/v_xs.jpg
[1523974040648] GET /img/img1.jpg
[1523974040653] GET /img/xs2.jpg
[1523974041497] GET /tag/1
[1523974055840] GET /detail/119
[1523974055924] GET /css/main.css
[1523974055925] GET /js/jquery.min.js
[1523974055935] GET /detail/img/avatar_is.jpg
[1523974055940] GET /img/avatar_is.jpg
[1523974055945] GET /img/v_xs.jpg
[1523974055952] GET /img/img1.jpg
[1523974055959] GET /img/xs2.jpg
[1523974065837] GET /detail/119
[1523974065915] GET /css/main.css
[1523974065916] GET /js/jquery.min.js
[1523974065927] GET /detail/img/avatar_is.jpg
[1523974065932] GET /img/avatar_is.jpg
[1523974065936] GET /img/v_xs.jpg
[1523974065944] GET /img/img1.jpg
[1523974065952] GET /img/xs2.jpg
[1523974076234] GET /detail/119
[1523974076290] GET /css/main.css
[1523974076290] GET /js/jquery.min.js
[1523974076303] GET /detail/img/avatar_is.jpg
[1523974076310] GET /img/avatar_is.jpg
[1523974076314] GET /img/v_xs.jpg
[1523974076320] GET /img/img1.jpg
[1523974076330] GET /img/xs2.jpg
[1523974085379] GET /detail/119
[1523974085442] GET /css/main.css
[1523974085443] GET /js/jquery.min.js
[1523974085450] GET /detail/img/avatar_is.jpg
[1523974085455] GET /img/avatar_is.jpg
[1523974085465] GET /img/v_xs.jpg
[1523974085471] GET /img/img1.jpg
[1523974085477] GET /img/xs2.jpg
[1523974099707] GET /detail/119
[1523974099769] GET /css/main.css
[1523974099772] GET /js/jquery.min.js
[1523974099777] GET /detail/img/avatar_is.jpg
[1523974099783] GET /img/avatar_is.jpg
[1523974099788] GET /img/v_xs.jpg
[1523974099792] GET /img/img1.jpg
[1523974099795] GET /img/xs2.jpg
[1523974107814] GET /css/main.css
[1523974108080] GET /css/main.app.8805f88891008fe3153a.css.map
[1523974131477] GET /css/main.app.8805f88891008fe3153a.css.map
[1523974247840] GET /detail/119
[1523974247915] GET /css/main.css
[1523974247919] GET /js/jquery.min.js
[1523974247962] GET /detail/img/avatar_is.jpg
[1523974247975] GET /img/avatar_is.jpg
[1523974247986] GET /img/v_xs.jpg
[1523974247998] GET /img/img1.jpg
[1523974248018] GET /img/xs2.jpg
[1523974248230] GET /css/main.app.8805f88891008fe3153a.css.map
[1523974254855] GET /detail/119
[1523974255196] GET /css/main.css
[1523974255197] GET /js/jquery.min.js
[1523974255253] GET /detail/img/avatar_is.jpg
[1523974255266] GET /img/avatar_is.jpg
[1523974255287] GET /img/v_xs.jpg
[1523974255298] GET /img/img1.jpg
[1523974255308] GET /img/xs2.jpg
[1523974255465] GET /css/main.app.8805f88891008fe3153a.css.map
[1523974295484] GET /detail/119
[1523974308457] GET /detail/119
[1523974319623] GET /detail/119
[1523974319871] GET /css/main.css
[1523974319875] GET /js/jquery.min.js
[1523974319878] GET /detail/img/avatar_is.jpg
[1523974319878] GET /img/avatar_is.jpg
[1523974319879] GET /img/v_xs.jpg
[1523974319882] GET /img/img1.jpg
[1523974319969] GET /img/xs2.jpg
[1523974320140] GET /css/main.app.8805f88891008fe3153a.css.map
[1523974341065] GET /detail/119
[1523974366169] GET /detail/119
[1523974390939] GET /detail/119
[1523974406617] GET /detail/119
[1523974576809] GET /detail/119
[1523974577080] GET /css/main.css
[1523974577081] GET /js/jquery.min.js
[1523974577120] GET /detail/img/avatar_is.jpg
[1523974577143] GET /img/avatar_is.jpg
[1523974577165] GET /img/v_xs.jpg
[1523974577191] GET /img/img1.jpg
[1523974577201] GET /img/xs2.jpg
[1523974577372] GET /css/main.app.8805f88891008fe3153a.css.map
[1523974591200] GET /detail/119
[1523974591367] GET /css/main.css
[1523974591369] GET /js/jquery.min.js
[1523974591395] GET /detail/img/avatar_is.jpg
[1523974591416] GET /img/avatar_is.jpg
[1523974591429] GET /img/v_xs.jpg
[1523974591459] GET /img/img1.jpg
[1523974591469] GET /img/xs2.jpg
[1523974591694] GET /css/main.app.8805f88891008fe3153a.css.map
[1523974601095] GET /detail/119
[1523974601195] GET /css/main.css
[1523974601196] GET /js/jquery.min.js
[1523974601243] GET /detail/img/avatar_is.jpg
[1523974601253] GET /img/avatar_is.jpg
[1523974601263] GET /img/v_xs.jpg
[1523974601280] GET /img/img1.jpg
[1523974601295] GET /img/xs2.jpg
[1523974601527] GET /css/main.app.8805f88891008fe3153a.css.map
[1523974610869] GET /detail/119
[1523974611035] GET /css/main.css
[1523974611051] GET /js/jquery.min.js
[1523974611103] GET /detail/img/avatar_is.jpg
[1523974611114] GET /img/avatar_is.jpg
[1523974611129] GET /img/v_xs.jpg
[1523974611158] GET /img/img1.jpg
[1523974611173] GET /img/xs2.jpg
[1523974611355] GET /css/main.app.8805f88891008fe3153a.css.map
[1523974649758] GET /detail/119
[1523974649866] GET /css/main.css
[1523974649871] GET /detail/img/avatar_is.jpg
[1523974649872] GET /img/avatar_is.jpg
[1523974649872] GET /img/v_xs.jpg
[1523974649872] GET /img/img1.jpg
[1523974649871] GET /js/jquery.min.js
[1523974649890] GET /img/xs2.jpg
[1523974650151] GET /css/main.app.8805f88891008fe3153a.css.map
[1523974664648] GET /detail/119
[1523974664776] GET /css/main.css
[1523974664779] GET /js/jquery.min.js
[1523974664806] GET /detail/img/avatar_is.jpg
[1523974664827] GET /img/avatar_is.jpg
[1523974664845] GET /img/v_xs.jpg
[1523974664858] GET /img/img1.jpg
[1523974664870] GET /img/xs2.jpg
[1523974665025] GET /css/main.app.8805f88891008fe3153a.css.map
[1523974743165] GET /detail/119
[1523974743279] GET /css/main.css
[1523974743288] GET /js/jquery.min.js
[1523974743289] GET /detail/img/avatar_is.jpg
[1523974743289] GET /img/avatar_is.jpg
[1523974743289] GET /img/v_xs.jpg
[1523974743290] GET /img/xs2.jpg
[1523974743710] GET /css/main.app.8805f88891008fe3153a.css.map
[1523974805691] GET /detail/119
[1523974805796] GET /css/main.css
[1523974805804] GET /js/jquery.min.js
[1523974805845] GET /detail/img/avatar_is.jpg
[1523974805855] GET /img/avatar_is.jpg
[1523974805874] GET /img/v_xs.jpg
[1523974805880] GET /img/xs2.jpg
[1523974806123] GET /css/main.app.8805f88891008fe3153a.css.map
[1523974833038] GET /detail/119
[1523974833140] GET /css/main.css
[1523974833144] GET /js/jquery.min.js
[1523974833168] GET /detail/img/avatar_is.jpg
[1523974833187] GET /img/avatar_is.jpg
[1523974833204] GET /img/v_xs.jpg
[1523974833215] GET /img/xs2.jpg
[1523974833436] GET /css/main.app.8805f88891008fe3153a.css.map
[1523974859817] GET /detail/119
[1523974860038] GET /css/main.css
[1523974860040] GET /js/jquery.min.js
[1523974860044] GET /detail/img/avatar_is.jpg
[1523974860045] GET /img/avatar_is.jpg
[1523974860045] GET /img/v_xs.jpg
[1523974860048] GET /img/xs2.jpg
[1523974860333] GET /css/main.app.8805f88891008fe3153a.css.map
[1523974894774] GET /detail/119
[1523974894858] GET /css/main.css
[1523974894864] GET /js/jquery.min.js
[1523974894893] GET /detail/img/avatar_is.jpg
[1523974894908] GET /img/avatar_is.jpg
[1523974894922] GET /img/v_xs.jpg
[1523974894931] GET /img/xs2.jpg
[1523974895191] GET /css/main.app.8805f88891008fe3153a.css.map
[1523974908841] GET /detail/119
[1523974908911] GET /css/main.css
[1523974908913] GET /js/jquery.min.js
[1523974908933] GET /detail/img/avatar_is.jpg
[1523974908948] GET /img/avatar_is.jpg
[1523974908992] GET /img/v_xs.jpg
[1523974909000] GET /img/xs2.jpg
[1523974909242] GET /css/main.app.8805f88891008fe3153a.css.map
[1523974927716] GET /detail/119
[1523974927791] GET /css/main.css
[1523974927809] GET /js/jquery.min.js
[1523974927830] GET /detail/img/avatar_is.jpg
[1523974927839] GET /img/avatar_is.jpg
[1523974927849] GET /img/v_xs.jpg
[1523974927859] GET /img/xs2.jpg
[1523974928167] GET /css/main.app.8805f88891008fe3153a.css.map
[1523974934086] GET /detail/119
[1523974934161] GET /css/main.css
[1523974934165] GET /js/jquery.min.js
[1523974934191] GET /detail/img/avatar_is.jpg
[1523974934197] GET /img/avatar_is.jpg
[1523974934210] GET /img/v_xs.jpg
[1523974934231] GET /img/xs2.jpg
[1523974934478] GET /css/main.app.8805f88891008fe3153a.css.map
[1523974955763] GET /
[1523974955823] GET /css/main.css
[1523974955824] GET /js/jquery.min.js
[1523974955839] GET /img/avatar_is.jpg
[1523974955843] GET /img/v_s.jpg
[1523974957704] GET /detail/120
[1523974958548] GET /js/jquery.min.js
[1523974958549] GET /detail/img/avatar_is.jpg
[1523974958550] GET /img/avatar_is.jpg
[1523974958553] GET /img/xs2.jpg
[1523974958545] GET /css/main.css
[1523974958550] GET /img/v_xs.jpg
[1523974969788] GET /detail/121
[1523974994500] GET /detail/122
[1523974998302] GET /detail/119
[1523974998374] GET /css/main.css
[1523974998375] GET /js/jquery.min.js
[1523974998383] GET /detail/img/avatar_is.jpg
[1523974998389] GET /img/avatar_is.jpg
[1523974998394] GET /img/v_xs.jpg
[1523974998397] GET /img/xs2.jpg
[1523975159209] GET /
[1523975160156] GET /css/main.css
[1523975160196] GET /js/jquery.min.js
[1523975160196] GET /img/avatar_is.jpg
[1523975160196] GET /img/v_s.jpg
[1523975161374] GET /favicon.ico
[1523975218336] GET /
[1523975218433] GET /css/main.css
[1523975218434] GET /js/jquery.min.js
[1523975218435] GET /img/v_s.jpg
[1523975218434] GET /img/avatar_is.jpg
